<?xml version="1.0" encoding="UTF-8"?>
<!-- Generated by org.testng.reporters.JUnitReportReporter -->
<testsuite hostname="GANESH" failures="0" tests="3" name="test_layer.Example2" time="0.019" errors="0" timestamp="2023-09-16T13:29:52 IST" skipped="0">
  <testcase classname="test_layer.Example2" name="home" time="0.004"/>
  <testcase classname="test_layer.Example2" name="login" time="0.013"/>
  <testcase classname="test_layer.Example2" name="contact1" time="0.002"/>
</testsuite> <!-- test_layer.Example2 -->
