<?xml version="1.0" encoding="UTF-8"?>
<!-- Generated by org.testng.reporters.JUnitReportReporter -->
<testsuite hostname="GANESH" failures="0" tests="1" name="annoatation.Annoation_example1" time="0.008" errors="0" timestamp="2023-09-16T13:29:52 IST" skipped="0">
  <testcase classname="annoatation.Annoation_example1" name="xyz" time="0.008"/>
</testsuite> <!-- annoatation.Annoation_example1 -->
