<?xml version="1.0" encoding="UTF-8"?>
<!-- Generated by org.testng.reporters.JUnitReportReporter -->
<testsuite hostname="GANESH" failures="0" tests="6" name="assration.HardAssration" time="0.028" errors="0" timestamp="2023-09-16T13:47:07 IST" skipped="0">
  <testcase classname="assration.HardAssration" name="equal" time="0.016"/>
  <testcase classname="assration.HardAssration" name="notequal" time="0.002"/>
  <testcase classname="assration.HardAssration" name="true1" time="0.001"/>
  <testcase classname="assration.HardAssration" name="notnull" time="0.002"/>
  <testcase classname="assration.HardAssration" name="false1" time="0.004"/>
  <testcase classname="assration.HardAssration" name="null1" time="0.003"/>
</testsuite> <!-- assration.HardAssration -->
