<?xml version="1.0" encoding="UTF-8"?>
<!-- Generated by org.testng.reporters.JUnitReportReporter -->
<testsuite hostname="GANESH" failures="0" tests="1" name="pagelayer.First_testngpro" time="0.013" errors="0" timestamp="2023-09-16T13:29:52 IST" skipped="0">
  <testcase classname="pagelayer.First_testngpro" name="test" time="0.013"/>
</testsuite> <!-- pagelayer.First_testngpro -->
